0.937700 104
0.036570 1
2.222049 1
0.113134 2
0.145053 71
0.028781 38
0.000942 58
0.002046 1
1.303092 1
0.113948 1
0.200950 1
0.179169 1
1.984005 4
0.698020 1
1.727977 1
0.185037 5
0.269055 2
0.361704 276
0.022095 1
0.557313 1
0.139928 2
0.124693 167
0.024317 1
0.890026 1
0.141127 1
0.172856 1
0.081050 1
0.226001 1
0.218070 1
0.168001 1
0.359028 1
0.238932 1
0.863046 1
0.208995 4
0.182554 2
0.392922 236
0.025019 96
0.001722 1
0.194889 4
0.363957 1
0.141209 1
0.164750 1
0.464079 1
0.219035 1
0.201006 1
0.246017 1
0.156931 1
0.198044 1
0.249895 4
0.438556 1
0.220586 1
0.157988 14
0.135033 2
0.427259 213
0.015482 1
1.267303 1
0.216995 1
0.120034 1
0.069994 8
